2025-06-06T18:08:23: ╔══════════════════╗
2025-06-06T18:08:23: ║  AIMDOT.DEV BOT  ║
2025-06-06T18:08:23: ╚══════════════════╝
2025-06-06T18:08:23: ──────────────────────────────────────────────────
2025-06-06T18:08:23: [2025-06-06 18:08:23] 🔧 [SYSTEM] 🚀 시스템을 시작하는 중...
2025-06-06T18:08:23: ──────────────────────────────────────────────────
2025-06-06T18:08:23: [2025-06-06 18:08:23] ✅ [SUCCESS] 📅 이벤트 로드됨: ready
2025-06-06T18:08:23: [2025-06-06 18:08:23] 📢 [INFO] 🤖 Discord 봇 로그인 중...
2025-06-06T18:08:24: [2025-06-06 18:08:24] 📢 [INFO] 🌐 웹 대시보드를 시작하는 중...
2025-06-06T18:08:24: [2025-06-06 18:08:24] 📢 [INFO] ✅ Discord OAuth2 설정 확인: Client ID: 12701825...
2025-06-06T18:08:24: [2025-06-06 18:08:24] 📢 [INFO] ✅ Callback URL: http://localhost:3000/auth/discord/callback
2025-06-06T18:08:24: ──────────────────────────────────────────────────
2025-06-06T18:08:24: [2025-06-06 18:08:24] 🔧 [SYSTEM] 🌐 웹 대시보드가 시작되었습니다!
2025-06-06T18:08:24: ──────────────────────────────────────────────────
2025-06-06T18:08:24: [2025-06-06 18:08:24] 📢 [INFO] 📍 로컬 주소: http://localhost:3000
2025-06-06T18:08:24: [2025-06-06 18:08:24] 📢 [INFO] 📍 로컬 주소: http://127.0.0.1:3000
2025-06-06T18:08:24: [2025-06-06 18:08:24] 📢 [INFO] 📍 네트워크 주소: http://192.168.50.161:3000
2025-06-06T18:08:24: ──────────────────────────────────────────────────
2025-06-06T18:08:24: [2025-06-06 18:08:24] ✅ [SUCCESS] ✅ 웹 대시보드 준비 완료!
2025-06-06T18:08:24: [2025-06-06 18:08:24] 📢 [INFO] 💡 팁: Ctrl+클릭으로 브라우저에서 바로 열 수 있습니다.
2025-06-06T18:08:24: ──────────────────────────────────────────────────
2025-06-06T18:08:24: [2025-06-06 18:08:24] 🔧 [SYSTEM] 🤖 Aimbot.ad#9242 봇이 준비되었습니다!
2025-06-06T18:08:24: [2025-06-06 18:08:24] 📢 [INFO] 📊 2개의 서버에서 실행 중
2025-06-06T18:08:24: [2025-06-06 18:08:24] 📦 [MODULE] example 모듈이 초기화되었습니다.
2025-06-06T18:08:24: ╔══════════════════╗
2025-06-06T18:08:24: ║  AIMDOT.DEV BOT  ║
2025-06-06T18:08:24: ╚══════════════════╝
2025-06-06T18:08:24: ──────────────────────────────────────────────────
2025-06-06T18:08:24: [2025-06-06 18:08:24] 🔧 [SYSTEM] 🤖 봇 로그인: Aimbot.ad#9242
2025-06-06T18:08:24: [2025-06-06 18:08:24] 📢 [INFO] 📊 서버 수: 2
2025-06-06T18:08:24: [2025-06-06 18:08:24] 📢 [INFO] 👥 전체 유저 수: 293
2025-06-06T18:08:24: [2025-06-06 18:08:24] 📢 [INFO] 📺 채널 수: 47
2025-06-06T18:08:24: ──────────────────────────────────────────────────
2025-06-06T18:08:24: [2025-06-06 18:08:24] ✅ [SUCCESS] ✅ 봇이 성공적으로 시작되었습니다!
2025-06-06T18:08:24: ──────────────────────────────────────────────────
2025-06-06T18:08:24: [2025-06-06 18:08:24] ✅ [SUCCESS] ✅ 모듈 로드됨: example
2025-06-06T18:08:38: [2025-06-06 18:08:38] 📢 [INFO] 🔐 Discord OAuth2 인증 시작
2025-06-06T18:08:41: [2025-06-06 18:08:41] 📢 [INFO] 🔐 Discord OAuth2 콜백 수신
2025-06-06T18:08:42: [2025-06-06 18:08:42] 📢 [INFO] 🔐 웹 로그인: ad_origina1#0 (257097077782216704)
2025-06-06T18:08:42: [2025-06-06 18:08:42] ✅ [SUCCESS] 🔐 Discord OAuth2 인증 성공
2025-06-06T18:08:53: [2025-06-06 18:08:53] ⚠️ [WARN] ⚠️ 웹 대시보드에서 봇 재시작 요청: ad_origina1
2025-06-06T18:08:53: [2025-06-06 18:08:53] 🔧 [SYSTEM] 🔄 봇 재시작 신호 수신
2025-06-06T18:08:58: ╔══════════════════╗
2025-06-06T18:08:58: ║  AIMDOT.DEV BOT  ║
2025-06-06T18:08:58: ╚══════════════════╝
2025-06-06T18:08:58: ──────────────────────────────────────────────────
2025-06-06T18:08:58: [2025-06-06 18:08:58] 🔧 [SYSTEM] 🚀 시스템을 시작하는 중...
2025-06-06T18:08:58: ──────────────────────────────────────────────────
2025-06-06T18:08:58: [2025-06-06 18:08:58] ✅ [SUCCESS] 📅 이벤트 로드됨: ready
2025-06-06T18:08:58: [2025-06-06 18:08:58] 📢 [INFO] 🤖 Discord 봇 로그인 중...
2025-06-06T18:08:58: [2025-06-06 18:08:58] 📢 [INFO] 🌐 웹 대시보드를 시작하는 중...
2025-06-06T18:08:59: [2025-06-06 18:08:59] 📢 [INFO] ✅ Discord OAuth2 설정 확인: Client ID: 12701825...
2025-06-06T18:08:59: [2025-06-06 18:08:59] 📢 [INFO] ✅ Callback URL: http://localhost:3000/auth/discord/callback
2025-06-06T18:08:59: ──────────────────────────────────────────────────
2025-06-06T18:08:59: [2025-06-06 18:08:59] 🔧 [SYSTEM] 🌐 웹 대시보드가 시작되었습니다!
2025-06-06T18:08:59: ──────────────────────────────────────────────────
2025-06-06T18:08:59: [2025-06-06 18:08:59] 📢 [INFO] 📍 로컬 주소: http://localhost:3000
2025-06-06T18:08:59: [2025-06-06 18:08:59] 📢 [INFO] 📍 로컬 주소: http://127.0.0.1:3000
2025-06-06T18:08:59: [2025-06-06 18:08:59] 📢 [INFO] 📍 네트워크 주소: http://192.168.50.161:3000
2025-06-06T18:08:59: ──────────────────────────────────────────────────
2025-06-06T18:08:59: [2025-06-06 18:08:59] ✅ [SUCCESS] ✅ 웹 대시보드 준비 완료!
2025-06-06T18:08:59: [2025-06-06 18:08:59] 📢 [INFO] 💡 팁: Ctrl+클릭으로 브라우저에서 바로 열 수 있습니다.
2025-06-06T18:08:59: ──────────────────────────────────────────────────
2025-06-06T18:08:59: [2025-06-06 18:08:59] 🔧 [SYSTEM] 🤖 Aimbot.ad#9242 봇이 준비되었습니다!
2025-06-06T18:08:59: [2025-06-06 18:08:59] 📢 [INFO] 📊 2개의 서버에서 실행 중
2025-06-06T18:08:59: [2025-06-06 18:08:59] 📦 [MODULE] example 모듈이 초기화되었습니다.
2025-06-06T18:08:59: ╔══════════════════╗
2025-06-06T18:08:59: ║  AIMDOT.DEV BOT  ║
2025-06-06T18:08:59: ╚══════════════════╝
2025-06-06T18:08:59: ──────────────────────────────────────────────────
2025-06-06T18:08:59: [2025-06-06 18:08:59] 🔧 [SYSTEM] 🤖 봇 로그인: Aimbot.ad#9242
2025-06-06T18:08:59: [2025-06-06 18:08:59] 📢 [INFO] 📊 서버 수: 2
2025-06-06T18:08:59: [2025-06-06 18:08:59] 📢 [INFO] 👥 전체 유저 수: 293
2025-06-06T18:08:59: [2025-06-06 18:08:59] 📢 [INFO] 📺 채널 수: 47
2025-06-06T18:08:59: ──────────────────────────────────────────────────
2025-06-06T18:08:59: [2025-06-06 18:08:59] ✅ [SUCCESS] ✅ 봇이 성공적으로 시작되었습니다!
2025-06-06T18:08:59: ──────────────────────────────────────────────────
2025-06-06T18:08:59: [2025-06-06 18:08:59] ✅ [SUCCESS] ✅ 모듈 로드됨: example
2025-06-06T18:09:01: [2025-06-06 18:09:01] 📢 [INFO] 🔐 Discord OAuth2 인증 시작
2025-06-06T18:09:05: [2025-06-06 18:09:05] 📢 [INFO] 🔐 Discord OAuth2 콜백 수신
2025-06-06T18:09:06: [2025-06-06 18:09:06] 📢 [INFO] 🔐 웹 로그인: ad_origina1#0 (257097077782216704)
2025-06-06T18:09:06: [2025-06-06 18:09:06] ✅ [SUCCESS] 🔐 Discord OAuth2 인증 성공
